<?xml version="1.0" encoding="UTF-8"?>
<testsuite name="PingPongTest" tests="2" skipped="0" failures="0" errors="0" timestamp="2016-04-18T20:53:13" hostname="epicodus-30.local" time="0.002">
  <properties/>
  <testcase name="PingPongGame_divisibleBy3_ping" classname="PingPongTest" time="0.001"/>
  <testcase name="PingPongGame_notDivisibleByAnything_number" classname="PingPongTest" time="0.0"/>
  <system-out><![CDATA[]]></system-out>
  <system-err><![CDATA[]]></system-err>
</testsuite>
