<?xml version="1.0" encoding="UTF-8"?>
<testsuite name="PingPongTest" tests="4" skipped="0" failures="0" errors="0" timestamp="2016-04-18T21:07:34" hostname="epicodus-30.local" time="0.002">
  <properties/>
  <testcase name="PingPongGame_divisibleBy3_ping" classname="PingPongTest" time="0.002"/>
  <testcase name="PingPongGame_divisibleBy5_pong" classname="PingPongTest" time="0.0"/>
  <testcase name="PingPongGame_notDivisibleByAnything_number" classname="PingPongTest" time="0.0"/>
  <testcase name="PingPongGame_divisibleBy15_pingpong" classname="PingPongTest" time="0.0"/>
  <system-out><![CDATA[]]></system-out>
  <system-err><![CDATA[]]></system-err>
</testsuite>
